mode: set
_\C_\Users\heiermi\Documents\GitHub\raytracer\light.go:12.57,15.2 2 1
_\C_\Users\heiermi\Documents\GitHub\raytracer\plane.go:14.69,17.2 2 1
_\C_\Users\heiermi\Documents\GitHub\raytracer\plane.go:19.67,21.2 1 1
_\C_\Users\heiermi\Documents\GitHub\raytracer\plane.go:23.51,25.2 1 1
_\C_\Users\heiermi\Documents\GitHub\raytracer\camera.go:10.54,14.2 2 1
_\C_\Users\heiermi\Documents\GitHub\raytracer\phong.go:5.37,7.2 1 1
_\C_\Users\heiermi\Documents\GitHub\raytracer\phong.go:9.50,11.2 1 0
_\C_\Users\heiermi\Documents\GitHub\raytracer\phong.go:13.61,15.2 1 0
_\C_\Users\heiermi\Documents\GitHub\raytracer\phong.go:17.83,19.2 1 0
_\C_\Users\heiermi\Documents\GitHub\raytracer\reflecion.go:3.41,6.2 1 1
_\C_\Users\heiermi\Documents\GitHub\raytracer\scene.go:10.61,13.2 2 0
_\C_\Users\heiermi\Documents\GitHub\raytracer\vector.go:9.41,12.2 2 1
_\C_\Users\heiermi\Documents\GitHub\raytracer\vector.go:14.31,17.2 2 1
_\C_\Users\heiermi\Documents\GitHub\raytracer\vector.go:19.44,22.2 2 1
_\C_\Users\heiermi\Documents\GitHub\raytracer\vector.go:36.38,39.2 2 1
_\C_\Users\heiermi\Documents\GitHub\raytracer\vector.go:41.38,44.2 2 1
_\C_\Users\heiermi\Documents\GitHub\raytracer\vector.go:46.37,48.2 1 1
_\C_\Users\heiermi\Documents\GitHub\raytracer\vector.go:50.49,52.2 1 1
_\C_\Users\heiermi\Documents\GitHub\raytracer\vector.go:54.51,58.2 1 1
_\C_\Users\heiermi\Documents\GitHub\raytracer\vector.go:60.48,62.2 1 1
_\C_\Users\heiermi\Documents\GitHub\raytracer\vector.go:64.57,66.2 1 1
_\C_\Users\heiermi\Documents\GitHub\raytracer\backgroundworker.go:12.30,14.2 1 0
_\C_\Users\heiermi\Documents\GitHub\raytracer\backgroundworker.go:16.46,20.2 3 0
_\C_\Users\heiermi\Documents\GitHub\raytracer\polyethylene.go:6.39,8.2 1 1
_\C_\Users\heiermi\Documents\GitHub\raytracer\polyethylene.go:10.39,12.2 1 1
_\C_\Users\heiermi\Documents\GitHub\raytracer\polyethylene.go:14.39,16.2 1 1
_\C_\Users\heiermi\Documents\GitHub\raytracer\raytracer.go:15.40,18.2 2 0
_\C_\Users\heiermi\Documents\GitHub\raytracer\raytracer.go:32.36,37.36 4 0
_\C_\Users\heiermi\Documents\GitHub\raytracer\raytracer.go:44.2,46.41 2 0
_\C_\Users\heiermi\Documents\GitHub\raytracer\raytracer.go:50.2,50.47 1 0
_\C_\Users\heiermi\Documents\GitHub\raytracer\raytracer.go:37.36,38.38 1 0
_\C_\Users\heiermi\Documents\GitHub\raytracer\raytracer.go:38.38,40.4 0 0
_\C_\Users\heiermi\Documents\GitHub\raytracer\raytracer.go:46.41,49.3 2 0
_\C_\Users\heiermi\Documents\GitHub\raytracer\raytracer.go:53.61,56.36 2 0
_\C_\Users\heiermi\Documents\GitHub\raytracer\raytracer.go:56.36,58.3 1 0
_\C_\Users\heiermi\Documents\GitHub\raytracer\raytracer.go:58.4,58.43 1 0
_\C_\Users\heiermi\Documents\GitHub\raytracer\raytracer.go:58.43,59.34 1 0
_\C_\Users\heiermi\Documents\GitHub\raytracer\raytracer.go:59.34,61.4 1 0
_\C_\Users\heiermi\Documents\GitHub\raytracer\raytracer.go:61.5,63.4 1 0
_\C_\Users\heiermi\Documents\GitHub\raytracer\raytracer.go:64.4,68.39 2 0
_\C_\Users\heiermi\Documents\GitHub\raytracer\raytracer.go:74.3,74.14 1 0
_\C_\Users\heiermi\Documents\GitHub\raytracer\raytracer.go:68.39,69.37 1 0
_\C_\Users\heiermi\Documents\GitHub\raytracer\raytracer.go:69.37,71.5 1 0
_\C_\Users\heiermi\Documents\GitHub\raytracer\raytracer.go:74.14,75.40 1 0
_\C_\Users\heiermi\Documents\GitHub\raytracer\raytracer.go:81.4,81.33 1 0
_\C_\Users\heiermi\Documents\GitHub\raytracer\raytracer.go:75.40,76.70 1 0
_\C_\Users\heiermi\Documents\GitHub\raytracer\raytracer.go:76.70,79.6 2 0
_\C_\Users\heiermi\Documents\GitHub\raytracer\raytracer.go:82.5,84.4 1 0
_\C_\Users\heiermi\Documents\GitHub\raytracer\main.go:11.19,56.29 27 0
_\C_\Users\heiermi\Documents\GitHub\raytracer\main.go:56.29,57.31 1 0
_\C_\Users\heiermi\Documents\GitHub\raytracer\main.go:57.31,68.44 8 0
_\C_\Users\heiermi\Documents\GitHub\raytracer\main.go:77.4,82.37 4 0
_\C_\Users\heiermi\Documents\GitHub\raytracer\main.go:99.4,103.18 3 0
_\C_\Users\heiermi\Documents\GitHub\raytracer\main.go:68.44,71.22 2 0
_\C_\Users\heiermi\Documents\GitHub\raytracer\main.go:71.22,74.6 2 0
_\C_\Users\heiermi\Documents\GitHub\raytracer\main.go:82.37,84.58 1 0
_\C_\Users\heiermi\Documents\GitHub\raytracer\main.go:84.58,97.6 1 0
_\C_\Users\heiermi\Documents\GitHub\raytracer\main.go:108.13,112.2 1 0
_\C_\Users\heiermi\Documents\GitHub\raytracer\ray.go:8.44,11.2 2 1
_\C_\Users\heiermi\Documents\GitHub\raytracer\sphere.go:15.73,19.2 2 1
_\C_\Users\heiermi\Documents\GitHub\raytracer\sphere.go:21.68,32.12 8 1
_\C_\Users\heiermi\Documents\GitHub\raytracer\sphere.go:43.2,43.25 1 1
_\C_\Users\heiermi\Documents\GitHub\raytracer\sphere.go:32.12,33.13 1 1
_\C_\Users\heiermi\Documents\GitHub\raytracer\sphere.go:33.13,36.4 2 1
_\C_\Users\heiermi\Documents\GitHub\raytracer\sphere.go:36.5,41.4 4 1
_\C_\Users\heiermi\Documents\GitHub\raytracer\sphere.go:46.52,48.2 1 0
