mode: set
de\vorlesung\raytracer\vector.go:11.40,14.2 2 1
de\vorlesung\raytracer\vector.go:16.30,19.2 2 1
de\vorlesung\raytracer\vector.go:21.43,24.2 2 1
de\vorlesung\raytracer\vector.go:26.38,28.2 1 1
de\vorlesung\raytracer\vector.go:30.53,32.2 1 1
de\vorlesung\raytracer\vector.go:34.47,36.2 1 1
de\vorlesung\raytracer\vector.go:38.39,40.30 2 1
de\vorlesung\raytracer\vector.go:43.2,43.51 1 1
de\vorlesung\raytracer\vector.go:40.30,42.3 1 1
de\vorlesung\raytracer\vector.go:46.49,48.2 1 1
de\vorlesung\raytracer\vector.go:50.40,52.2 1 1
de\vorlesung\raytracer\vector.go:54.50,56.2 1 1
de\vorlesung\raytracer\light.go:7.38,10.2 2 1
de\vorlesung\raytracer\phong.go:5.37,7.2 1 1
de\vorlesung\raytracer\phong.go:9.50,13.2 3 1
de\vorlesung\raytracer\phong.go:15.61,19.2 3 1
de\vorlesung\raytracer\phong.go:21.72,23.2 1 1
de\vorlesung\raytracer\ray.go:8.43,12.2 3 1
de\vorlesung\raytracer\screen.go:11.42,14.2 2 1
de\vorlesung\raytracer\reflection.go:3.40,6.2 1 1
de\vorlesung\raytracer\eye.go:7.91,14.2 4 1
de\vorlesung\raytracer\sphere.go:16.74,22.22 4 1
de\vorlesung\raytracer\sphere.go:26.2,32.12 4 1
de\vorlesung\raytracer\sphere.go:46.2,46.47 1 1
de\vorlesung\raytracer\sphere.go:22.22,24.3 1 1
de\vorlesung\raytracer\sphere.go:32.12,34.3 1 1
de\vorlesung\raytracer\sphere.go:34.4,35.13 1 1
de\vorlesung\raytracer\sphere.go:35.13,37.4 1 1
de\vorlesung\raytracer\sphere.go:37.5,38.15 1 1
de\vorlesung\raytracer\sphere.go:38.15,40.5 1 0
de\vorlesung\raytracer\sphere.go:40.6,42.5 1 1
de\vorlesung\raytracer\sphere.go:49.53,51.2 1 1
de\vorlesung\raytracer\sphere.go:53.89,55.15 2 1
de\vorlesung\raytracer\sphere.go:61.2,61.80 1 1
de\vorlesung\raytracer\sphere.go:55.15,60.3 4 1
de\vorlesung\raytracer\sphere.go:65.74,68.2 2 1
de\vorlesung\raytracer\polyethylene.go:6.39,8.2 1 1
de\vorlesung\raytracer\polyethylene.go:10.39,12.2 1 1
de\vorlesung\raytracer\polyethylene.go:14.39,16.2 1 1
de\vorlesung\raytracer\polyethylene.go:18.34,20.2 1 1
de\vorlesung\raytracer\scene.go:11.67,14.2 2 1
de\vorlesung\raytracer\scene.go:16.31,28.2 8 1
de\vorlesung\raytracer\helper.go:5.40,7.2 1 1
de\vorlesung\raytracer\helper.go:9.76,17.2 3 1
de\vorlesung\raytracer\main.go:23.158,25.28 1 1
de\vorlesung\raytracer\main.go:29.2,34.33 4 1
de\vorlesung\raytracer\main.go:57.2,57.38 1 1
de\vorlesung\raytracer\main.go:25.28,27.3 1 1
de\vorlesung\raytracer\main.go:34.33,35.26 1 1
de\vorlesung\raytracer\main.go:39.3,41.28 2 1
de\vorlesung\raytracer\main.go:45.3,45.19 1 1
de\vorlesung\raytracer\main.go:49.3,49.39 1 1
de\vorlesung\raytracer\main.go:35.26,36.18 1 1
de\vorlesung\raytracer\main.go:41.28,42.18 1 1
de\vorlesung\raytracer\main.go:45.19,46.18 1 1
de\vorlesung\raytracer\main.go:49.39,53.4 3 1
de\vorlesung\raytracer\main.go:57.38,59.3 1 1
de\vorlesung\raytracer\main.go:59.4,67.36 5 1
de\vorlesung\raytracer\main.go:78.3,83.28 5 1
de\vorlesung\raytracer\main.go:67.36,68.28 1 1
de\vorlesung\raytracer\main.go:68.28,71.22 2 1
de\vorlesung\raytracer\main.go:71.22,73.11 2 1
de\vorlesung\raytracer\main.go:83.28,84.16 1 1
de\vorlesung\raytracer\main.go:90.4,91.22 2 1
de\vorlesung\raytracer\main.go:84.16,89.5 3 1
de\vorlesung\raytracer\main.go:93.5,94.16 1 1
de\vorlesung\raytracer\main.go:100.4,102.22 3 1
de\vorlesung\raytracer\main.go:94.16,98.5 3 1
de\vorlesung\raytracer\main.go:107.30,121.37 8 1
de\vorlesung\raytracer\main.go:132.2,134.52 3 1
de\vorlesung\raytracer\main.go:121.37,122.39 1 1
de\vorlesung\raytracer\main.go:122.39,129.4 4 1
de\vorlesung\raytracer\main.go:134.52,137.3 2 0
de\vorlesung\raytracer\main.go:140.13,142.2 1 1
de\vorlesung\raytracer\plane.go:16.73,19.30 2 1
de\vorlesung\raytracer\plane.go:22.2,24.48 2 1
de\vorlesung\raytracer\plane.go:19.30,21.3 1 1
de\vorlesung\raytracer\plane.go:27.88,29.15 2 1
de\vorlesung\raytracer\plane.go:34.2,34.80 1 1
de\vorlesung\raytracer\plane.go:29.15,33.3 3 1
de\vorlesung\raytracer\plane.go:37.52,39.2 1 1
de\vorlesung\raytracer\plane.go:41.74,45.2 3 1
