mode: set
de\vorlesung\projekt\raytracer\Raytracing\grid.go:12.61,12.82 1 1
de\vorlesung\projekt\raytracer\Raytracing\grid.go:13.61,13.86 1 1
de\vorlesung\projekt\raytracer\Raytracing\grid.go:14.61,14.86 1 1
de\vorlesung\projekt\raytracer\Raytracing\grid.go:15.61,15.94 1 1
de\vorlesung\projekt\raytracer\Raytracing\grid.go:17.76,22.2 4 1
de\vorlesung\projekt\raytracer\Raytracing\light.go:12.58,12.82 1 1
de\vorlesung\projekt\raytracer\Raytracing\light.go:13.58,13.79 1 1
de\vorlesung\projekt\raytracer\Raytracing\light.go:14.58,14.86 1 1
de\vorlesung\projekt\raytracer\Raytracing\light.go:15.58,15.80 1 1
de\vorlesung\projekt\raytracer\Raytracing\light.go:17.71,22.2 4 1
de\vorlesung\projekt\raytracer\Raytracing\scene.go:22.55,23.50 1 1
de\vorlesung\projekt\raytracer\Raytracing\scene.go:26.2,32.12 7 1
de\vorlesung\projekt\raytracer\Raytracing\scene.go:23.50,25.3 1 0
de\vorlesung\projekt\raytracer\Raytracing\scene.go:35.63,45.29 8 0
de\vorlesung\projekt\raytracer\Raytracing\scene.go:78.2,78.50 1 0
de\vorlesung\projekt\raytracer\Raytracing\scene.go:45.29,62.53 2 0
de\vorlesung\projekt\raytracer\Raytracing\scene.go:62.53,63.31 1 0
de\vorlesung\projekt\raytracer\Raytracing\scene.go:63.31,70.21 5 0
de\vorlesung\projekt\raytracer\Raytracing\scene.go:74.5,74.27 1 0
de\vorlesung\projekt\raytracer\Raytracing\scene.go:70.21,72.6 1 0
de\vorlesung\projekt\raytracer\Raytracing\scene.go:81.75,84.38 2 0
de\vorlesung\projekt\raytracer\Raytracing\scene.go:102.2,102.12 1 0
de\vorlesung\projekt\raytracer\Raytracing\scene.go:84.38,85.39 1 0
de\vorlesung\projekt\raytracer\Raytracing\scene.go:85.39,87.32 2 0
de\vorlesung\projekt\raytracer\Raytracing\scene.go:93.4,99.41 7 0
de\vorlesung\projekt\raytracer\Raytracing\scene.go:87.32,88.33 1 0
de\vorlesung\projekt\raytracer\Raytracing\scene.go:88.33,90.6 1 0
de\vorlesung\projekt\raytracer\Raytracing\scene.go:105.137,110.32 3 0
de\vorlesung\projekt\raytracer\Raytracing\scene.go:139.2,139.28 1 0
de\vorlesung\projekt\raytracer\Raytracing\scene.go:110.32,112.3 1 0
de\vorlesung\projekt\raytracer\Raytracing\scene.go:112.4,115.21 3 0
de\vorlesung\projekt\raytracer\Raytracing\scene.go:122.3,124.40 2 0
de\vorlesung\projekt\raytracer\Raytracing\scene.go:115.21,117.4 1 0
de\vorlesung\projekt\raytracer\Raytracing\scene.go:117.5,120.4 2 0
de\vorlesung\projekt\raytracer\Raytracing\scene.go:124.40,126.27 2 0
de\vorlesung\projekt\raytracer\Raytracing\scene.go:126.27,131.33 3 0
de\vorlesung\projekt\raytracer\Raytracing\scene.go:131.33,133.6 1 0
de\vorlesung\projekt\raytracer\Raytracing\scene.go:134.6,136.5 1 0
de\vorlesung\projekt\raytracer\Raytracing\scene.go:142.113,146.2 3 0
de\vorlesung\projekt\raytracer\Raytracing\scene.go:150.69,156.71 4 0
de\vorlesung\projekt\raytracer\Raytracing\scene.go:172.2,172.8 1 0
de\vorlesung\projekt\raytracer\Raytracing\scene.go:156.71,165.25 7 0
de\vorlesung\projekt\raytracer\Raytracing\scene.go:168.3,170.62 2 0
de\vorlesung\projekt\raytracer\Raytracing\scene.go:165.25,167.4 1 0
de\vorlesung\projekt\raytracer\Raytracing\scene.go:178.37,181.37 2 0
de\vorlesung\projekt\raytracer\Raytracing\scene.go:203.2,203.8 1 0
de\vorlesung\projekt\raytracer\Raytracing\scene.go:181.37,182.43 1 0
de\vorlesung\projekt\raytracer\Raytracing\scene.go:186.3,187.24 2 0
de\vorlesung\projekt\raytracer\Raytracing\scene.go:190.3,191.27 2 0
de\vorlesung\projekt\raytracer\Raytracing\scene.go:182.43,183.12 1 0
de\vorlesung\projekt\raytracer\Raytracing\scene.go:187.24,188.12 1 0
de\vorlesung\projekt\raytracer\Raytracing\scene.go:191.27,201.4 9 0
de\vorlesung\projekt\raytracer\Raytracing\scene.go:206.55,206.71 1 1
de\vorlesung\projekt\raytracer\Raytracing\scene.go:207.55,207.72 1 1
de\vorlesung\projekt\raytracer\Raytracing\scene.go:208.55,208.76 1 1
de\vorlesung\projekt\raytracer\Raytracing\scene.go:209.55,209.75 1 1
de\vorlesung\projekt\raytracer\Raytracing\scene.go:210.55,210.73 1 0
de\vorlesung\projekt\raytracer\Raytracing\scene.go:211.55,211.76 1 1
de\vorlesung\projekt\raytracer\Raytracing\scene.go:212.55,212.70 1 1
de\vorlesung\projekt\raytracer\Raytracing\scene.go:213.55,213.72 1 1
de\vorlesung\projekt\raytracer\Raytracing\scene.go:214.55,214.80 1 1
de\vorlesung\projekt\raytracer\Raytracing\scene.go:215.55,215.78 1 1
de\vorlesung\projekt\raytracer\Raytracing\scene.go:216.55,216.74 1 0
de\vorlesung\projekt\raytracer\Raytracing\scene.go:217.55,217.80 1 1
de\vorlesung\projekt\raytracer\Raytracing\scene.go:218.55,218.99 1 0
de\vorlesung\projekt\raytracer\Raytracing\surface.go:19.58,22.21 2 1
de\vorlesung\projekt\raytracer\Raytracing\surface.go:25.2,31.8 7 1
de\vorlesung\projekt\raytracer\Raytracing\surface.go:22.21,24.3 1 1
de\vorlesung\projekt\raytracer\Raytracing\surface.go:34.77,39.41 5 1
de\vorlesung\projekt\raytracer\Raytracing\surface.go:42.2,42.41 1 1
de\vorlesung\projekt\raytracer\Raytracing\surface.go:39.41,41.3 1 1
de\vorlesung\projekt\raytracer\Raytracing\surface.go:47.33,56.2 8 1
de\vorlesung\projekt\raytracer\Raytracing\surface.go:58.51,58.69 1 1
de\vorlesung\projekt\raytracer\Raytracing\surface.go:59.51,59.69 1 1
de\vorlesung\projekt\raytracer\Raytracing\surface.go:60.51,60.71 1 1
de\vorlesung\projekt\raytracer\Raytracing\surface.go:61.51,61.81 1 1
de\vorlesung\projekt\raytracer\Raytracing\surface.go:62.51,62.77 1 1
de\vorlesung\projekt\raytracer\Raytracing\surface.go:63.51,63.76 1 1
de\vorlesung\projekt\raytracer\Raytracing\surface.go:64.51,64.70 1 1
de\vorlesung\projekt\raytracer\Raytracing\surface.go:65.51,65.70 1 1
de\vorlesung\projekt\raytracer\Raytracing\surface.go:66.51,66.74 1 1
de\vorlesung\projekt\raytracer\Raytracing\surface.go:67.67,69.2 1 1
de\vorlesung\projekt\raytracer\Raytracing\surface.go:70.59,70.94 1 1
de\vorlesung\projekt\raytracer\Raytracing\surface.go:71.59,71.92 1 1
de\vorlesung\projekt\raytracer\Raytracing\ball.go:18.58,21.21 2 1
de\vorlesung\projekt\raytracer\Raytracing\ball.go:24.2,30.8 7 1
de\vorlesung\projekt\raytracer\Raytracing\ball.go:21.21,23.3 1 1
de\vorlesung\projekt\raytracer\Raytracing\ball.go:35.30,44.2 8 1
de\vorlesung\projekt\raytracer\Raytracing\ball.go:46.50,46.69 1 1
de\vorlesung\projekt\raytracer\Raytracing\ball.go:47.50,47.68 1 1
de\vorlesung\projekt\raytracer\Raytracing\ball.go:48.50,48.70 1 1
de\vorlesung\projekt\raytracer\Raytracing\ball.go:49.50,49.80 1 1
de\vorlesung\projekt\raytracer\Raytracing\ball.go:50.50,50.76 1 1
de\vorlesung\projekt\raytracer\Raytracing\ball.go:51.50,51.75 1 1
de\vorlesung\projekt\raytracer\Raytracing\ball.go:52.50,52.71 1 1
de\vorlesung\projekt\raytracer\Raytracing\ball.go:53.50,53.69 1 1
de\vorlesung\projekt\raytracer\Raytracing\ball.go:54.50,54.73 1 1
de\vorlesung\projekt\raytracer\Raytracing\ball.go:55.64,57.2 1 1
de\vorlesung\projekt\raytracer\Raytracing\ball.go:58.56,58.91 1 1
de\vorlesung\projekt\raytracer\Raytracing\ball.go:59.56,59.89 1 1
