mode: set
de\vorlesung\projekt\raytracer\Raytracing\light.go:12.58,12.82 1 1
de\vorlesung\projekt\raytracer\Raytracing\light.go:13.58,13.79 1 1
de\vorlesung\projekt\raytracer\Raytracing\light.go:14.58,14.86 1 1
de\vorlesung\projekt\raytracer\Raytracing\light.go:15.58,15.80 1 1
de\vorlesung\projekt\raytracer\Raytracing\light.go:17.71,22.2 4 1
de\vorlesung\projekt\raytracer\Raytracing\scene.go:22.55,23.50 1 0
de\vorlesung\projekt\raytracer\Raytracing\scene.go:26.2,32.12 7 0
de\vorlesung\projekt\raytracer\Raytracing\scene.go:23.50,25.3 1 0
de\vorlesung\projekt\raytracer\Raytracing\scene.go:35.63,45.29 8 0
de\vorlesung\projekt\raytracer\Raytracing\scene.go:61.2,61.50 1 0
de\vorlesung\projekt\raytracer\Raytracing\scene.go:45.29,47.30 2 0
de\vorlesung\projekt\raytracer\Raytracing\scene.go:47.30,54.20 5 0
de\vorlesung\projekt\raytracer\Raytracing\scene.go:58.4,58.26 1 0
de\vorlesung\projekt\raytracer\Raytracing\scene.go:54.20,56.5 1 0
de\vorlesung\projekt\raytracer\Raytracing\scene.go:64.75,67.38 2 0
de\vorlesung\projekt\raytracer\Raytracing\scene.go:85.2,85.12 1 0
de\vorlesung\projekt\raytracer\Raytracing\scene.go:67.38,68.39 1 0
de\vorlesung\projekt\raytracer\Raytracing\scene.go:68.39,70.32 2 0
de\vorlesung\projekt\raytracer\Raytracing\scene.go:76.4,82.41 7 0
de\vorlesung\projekt\raytracer\Raytracing\scene.go:70.32,71.33 1 0
de\vorlesung\projekt\raytracer\Raytracing\scene.go:71.33,73.6 1 0
de\vorlesung\projekt\raytracer\Raytracing\scene.go:88.137,93.32 3 0
de\vorlesung\projekt\raytracer\Raytracing\scene.go:122.2,122.28 1 0
de\vorlesung\projekt\raytracer\Raytracing\scene.go:93.32,95.3 1 0
de\vorlesung\projekt\raytracer\Raytracing\scene.go:95.4,98.21 3 0
de\vorlesung\projekt\raytracer\Raytracing\scene.go:105.3,107.40 2 0
de\vorlesung\projekt\raytracer\Raytracing\scene.go:98.21,100.4 1 0
de\vorlesung\projekt\raytracer\Raytracing\scene.go:100.5,103.4 2 0
de\vorlesung\projekt\raytracer\Raytracing\scene.go:107.40,109.27 2 0
de\vorlesung\projekt\raytracer\Raytracing\scene.go:109.27,114.33 3 0
de\vorlesung\projekt\raytracer\Raytracing\scene.go:114.33,116.6 1 0
de\vorlesung\projekt\raytracer\Raytracing\scene.go:117.6,119.5 1 0
de\vorlesung\projekt\raytracer\Raytracing\scene.go:125.113,129.2 3 0
de\vorlesung\projekt\raytracer\Raytracing\scene.go:133.69,139.71 4 0
de\vorlesung\projekt\raytracer\Raytracing\scene.go:155.2,155.8 1 0
de\vorlesung\projekt\raytracer\Raytracing\scene.go:139.71,148.25 7 0
de\vorlesung\projekt\raytracer\Raytracing\scene.go:151.3,153.62 2 0
de\vorlesung\projekt\raytracer\Raytracing\scene.go:148.25,150.4 1 0
de\vorlesung\projekt\raytracer\Raytracing\scene.go:161.37,164.37 2 0
de\vorlesung\projekt\raytracer\Raytracing\scene.go:186.2,186.8 1 0
de\vorlesung\projekt\raytracer\Raytracing\scene.go:164.37,165.43 1 0
de\vorlesung\projekt\raytracer\Raytracing\scene.go:169.3,170.24 2 0
de\vorlesung\projekt\raytracer\Raytracing\scene.go:173.3,174.27 2 0
de\vorlesung\projekt\raytracer\Raytracing\scene.go:165.43,166.12 1 0
de\vorlesung\projekt\raytracer\Raytracing\scene.go:170.24,171.12 1 0
de\vorlesung\projekt\raytracer\Raytracing\scene.go:174.27,184.4 9 0
de\vorlesung\projekt\raytracer\Raytracing\scene.go:189.55,189.71 1 0
de\vorlesung\projekt\raytracer\Raytracing\scene.go:190.55,190.72 1 0
de\vorlesung\projekt\raytracer\Raytracing\scene.go:191.55,191.76 1 0
de\vorlesung\projekt\raytracer\Raytracing\scene.go:192.55,192.75 1 0
de\vorlesung\projekt\raytracer\Raytracing\scene.go:193.55,193.73 1 0
de\vorlesung\projekt\raytracer\Raytracing\scene.go:194.55,194.76 1 0
de\vorlesung\projekt\raytracer\Raytracing\scene.go:195.55,195.70 1 0
de\vorlesung\projekt\raytracer\Raytracing\scene.go:196.55,196.72 1 0
de\vorlesung\projekt\raytracer\Raytracing\scene.go:197.55,197.80 1 0
de\vorlesung\projekt\raytracer\Raytracing\scene.go:198.55,198.78 1 0
de\vorlesung\projekt\raytracer\Raytracing\scene.go:199.55,199.74 1 0
de\vorlesung\projekt\raytracer\Raytracing\scene.go:200.55,200.80 1 0
de\vorlesung\projekt\raytracer\Raytracing\scene.go:201.55,201.99 1 0
de\vorlesung\projekt\raytracer\Raytracing\surface.go:19.58,22.21 2 1
de\vorlesung\projekt\raytracer\Raytracing\surface.go:25.2,31.8 7 1
de\vorlesung\projekt\raytracer\Raytracing\surface.go:22.21,24.3 1 1
de\vorlesung\projekt\raytracer\Raytracing\surface.go:34.77,39.41 5 1
de\vorlesung\projekt\raytracer\Raytracing\surface.go:42.2,42.41 1 1
de\vorlesung\projekt\raytracer\Raytracing\surface.go:39.41,41.3 1 1
de\vorlesung\projekt\raytracer\Raytracing\surface.go:47.33,56.2 8 1
de\vorlesung\projekt\raytracer\Raytracing\surface.go:58.51,58.69 1 1
de\vorlesung\projekt\raytracer\Raytracing\surface.go:59.51,59.69 1 1
de\vorlesung\projekt\raytracer\Raytracing\surface.go:60.51,60.71 1 1
de\vorlesung\projekt\raytracer\Raytracing\surface.go:61.51,61.81 1 1
de\vorlesung\projekt\raytracer\Raytracing\surface.go:62.51,62.77 1 1
de\vorlesung\projekt\raytracer\Raytracing\surface.go:63.51,63.76 1 1
de\vorlesung\projekt\raytracer\Raytracing\surface.go:64.51,64.70 1 1
de\vorlesung\projekt\raytracer\Raytracing\surface.go:65.51,65.70 1 1
de\vorlesung\projekt\raytracer\Raytracing\surface.go:66.51,66.74 1 1
de\vorlesung\projekt\raytracer\Raytracing\surface.go:67.67,69.2 1 1
de\vorlesung\projekt\raytracer\Raytracing\surface.go:70.59,70.94 1 1
de\vorlesung\projekt\raytracer\Raytracing\surface.go:71.59,71.92 1 1
de\vorlesung\projekt\raytracer\Raytracing\ball.go:18.58,21.21 2 1
de\vorlesung\projekt\raytracer\Raytracing\ball.go:24.2,30.8 7 1
de\vorlesung\projekt\raytracer\Raytracing\ball.go:21.21,23.3 1 1
de\vorlesung\projekt\raytracer\Raytracing\ball.go:35.30,44.2 8 1
de\vorlesung\projekt\raytracer\Raytracing\ball.go:46.50,46.69 1 1
de\vorlesung\projekt\raytracer\Raytracing\ball.go:47.50,47.68 1 1
de\vorlesung\projekt\raytracer\Raytracing\ball.go:48.50,48.70 1 1
de\vorlesung\projekt\raytracer\Raytracing\ball.go:49.50,49.80 1 1
de\vorlesung\projekt\raytracer\Raytracing\ball.go:50.50,50.76 1 1
de\vorlesung\projekt\raytracer\Raytracing\ball.go:51.50,51.75 1 1
de\vorlesung\projekt\raytracer\Raytracing\ball.go:52.50,52.71 1 1
de\vorlesung\projekt\raytracer\Raytracing\ball.go:53.50,53.69 1 1
de\vorlesung\projekt\raytracer\Raytracing\ball.go:54.50,54.73 1 1
de\vorlesung\projekt\raytracer\Raytracing\ball.go:55.64,57.2 1 1
de\vorlesung\projekt\raytracer\Raytracing\ball.go:58.56,58.91 1 1
de\vorlesung\projekt\raytracer\Raytracing\ball.go:59.56,59.89 1 1
de\vorlesung\projekt\raytracer\Raytracing\grid.go:12.61,12.82 1 1
de\vorlesung\projekt\raytracer\Raytracing\grid.go:13.61,13.86 1 1
de\vorlesung\projekt\raytracer\Raytracing\grid.go:14.61,14.86 1 1
de\vorlesung\projekt\raytracer\Raytracing\grid.go:15.61,15.94 1 1
de\vorlesung\projekt\raytracer\Raytracing\grid.go:17.76,22.2 4 1
